#
# A fatal error has been detected by the Java Runtime Environment:
#
#  EXCEPTION_IN_PAGE_ERROR (0xc0000006) at pc=0x6f204573, pid=6500, tid=0x000007e0
#
# JRE version: Java(TM) SE Runtime Environment (8.0_151-b12) (build 1.8.0_151-b12)
# Java VM: Java HotSpot(TM) Client VM (25.151-b12 mixed mode, sharing windows-x86 )
# Problematic frame:
# V  [jvm.dll+0xd4573]
[error occurred during error reporting (printing problematic frame), id 0xc0000006]

# Failed to write core dump. Minidumps are not enabled by default on client versions of Windows
#
# If you would like to submit a bug report, please visit:
#   http://bugreport.java.com/bugreport/crash.jsp
#

---------------  T H R E A D  ---------------

Current thread (0x160fe800):  JavaThread "JavaFX Application Thread" [_thread_in_vm, id=2016, stack(0x164d0000,0x16520000)]

siginfo: ExceptionCode=0xc0000006

Error accessing class data sharing archive. Mapped file inaccessible during execution,  possible disk/network problem.

Registers:
EAX=0x00000010, EBX=0x00000004, ECX=0x150b5618, EDX=0x8e279c0d
ESP=0x165172ec, EBP=0x165172ec, ESI=0x1645da64, EDI=0x150b5618
EIP=0x6f204573, EFLAGS=0x00010246

Top of Stack: (sp=0x165172ec)
0x165172ec:   1651730c 6f17c0ea 028e3924 00000010
0x165172fc:   00000010 8e279c0d 028e3924 02820780
0x1651730c:   16517330 6f17c18c 00002533 028e3924
0x1651731c:   00000010 8e279c0d 165177b4 00000012
0x1651732c:   00000010 16517414 6f163937 028e3924
0x1651733c:   00000010 16517364 165177b4 160fe800
0x1651734c:   1e6423d8 00000060 776e2dfe 00000000
0x1651735c:   00000000 16517904 8e279c0d 00000001 

Instructions: (pc=0x6f204573)
0x6f204553:   e8 38 be fc ff 8b c8 8b 46 04 83 c4 14 f7 d8 1b
0x6f204563:   c0 f7 d0 23 c1 5e 5d c3 cc cc cc cc cc 55 8b ec
0x6f204573:   0f b7 01 3b 45 0c 74 06 32 c0 5d c2 08 00 56 85
0x6f204583:   c0 7e 19 8b 75 08 8d a4 24 00 00 00 00 8a 54 30 


Register to memory mapping:

EAX=0x00000010 is an unknown value
EBX=0x00000004 is an unknown value
ECX=
[error occurred during error reporting (printing register info), id 0xc0000006]

Stack: [0x164d0000,0x16520000],  sp=0x165172ec,  free space=284k
Native frames: (J=compiled Java code, j=interpreted, Vv=VM code, C=native code)
V  [jvm.dll+0xd4573]
V  [jvm.dll+0x4c0ea]
V  [jvm.dll+0x4c18c]
V  [jvm.dll+0x33937]
V  [jvm.dll+0x33c53]
V  [jvm.dll+0x39a85]
V  [jvm.dll+0x504cf]
V  [jvm.dll+0x107f59]
V  [jvm.dll+0x10812b]
C  [java.dll+0x1c7d]
C  0x6176616a

Java frames: (J=compiled Java code, j=interpreted, Vv=VM code)
J 450  java.lang.ClassLoader.defineClass1(Ljava/lang/String;[BIILjava/security/ProtectionDomain;Ljava/lang/String;)Ljava/lang/Class; (0 bytes) @ 0x02a61176 [0x02a610d0+0xa6]
J 446 C1 java.lang.ClassLoader.defineClass(Ljava/lang/String;[BIILjava/security/ProtectionDomain;)Ljava/lang/Class; (43 bytes) @ 0x02a626f8 [0x02a62650+0xa8]
J 452 C1 java.net.URLClassLoader.defineClass(Ljava/lang/String;Lsun/misc/Resource;)Ljava/lang/Class; (142 bytes) @ 0x02a6566c [0x02a64de0+0x88c]
J 404 C1 java.net.URLClassLoader$1.run()Ljava/lang/Class; (63 bytes) @ 0x029ff794 [0x029ff710+0x84]
J 403 C1 java.net.URLClassLoader$1.run()Ljava/lang/Object; (5 bytes) @ 0x029ffc20 [0x029ffc00+0x20]
v  ~StubRoutines::call_stub
J 398  java.security.AccessController.doPrivileged(Ljava/security/PrivilegedExceptionAction;Ljava/security/AccessControlContext;)Ljava/lang/Object; (0 bytes) @ 0x02a00f87 [0x02a00f20+0x67]
J 401 C1 java.net.URLClassLoader.findClass(Ljava/lang/String;)Ljava/lang/Class; (47 bytes) @ 0x02a000a4 [0x02a00020+0x84]
J 350 C1 java.lang.ClassLoader.loadClass(Ljava/lang/String;Z)Ljava/lang/Class; (122 bytes) @ 0x02a3e48c [0x02a3e230+0x25c]
J 371 C1 java.lang.ClassLoader.loadClass(Ljava/lang/String;)Ljava/lang/Class; (7 bytes) @ 0x02a4583c [0x02a45810+0x2c]
v  ~StubRoutines::call_stub
J 450  java.lang.ClassLoader.defineClass1(Ljava/lang/String;[BIILjava/security/ProtectionDomain;Ljava/lang/String;)Ljava/lang/Class; (0 bytes) @ 0x02a61176 [0x02a610d0+0xa6]
J 446 C1 java.lang.ClassLoader.defineClass(Ljava/lang/String;[BIILjava/security/ProtectionDomain;)Ljava/lang/Class; (43 bytes) @ 0x02a626f8 [0x02a62650+0xa8]
J 452 C1 java.net.URLClassLoader.defineClass(Ljava/lang/String;Lsun/misc/Resource;)Ljava/lang/Class; (142 bytes) @ 0x02a6566c [0x02a64de0+0x88c]
J 404 C1 java.net.URLClassLoader$1.run()Ljava/lang/Class; (63 bytes) @ 0x029ff794 [0x029ff710+0x84]
J 403 C1 java.net.URLClassLoader$1.run()Ljava/lang/Object; (5 bytes) @ 0x029ffc20 [0x029ffc00+0x20]
v  ~StubRoutines::call_stub
J 398  java.security.AccessController.doPrivileged(Ljava/security/PrivilegedExceptionAction;Ljava/security/AccessControlContext;)Ljava/lang/Object; (0 bytes) @ 0x02a00f87 [0x02a00f20+0x67]
J 401 C1 java.net.URLClassLoader.findClass(Ljava/lang/String;)Ljava/lang/Class; (47 bytes) @ 0x02a000a4 [0x02a00020+0x84]
J 350 C1 java.lang.ClassLoader.loadClass(Ljava/lang/String;Z)Ljava/lang/Class; (122 bytes) @ 0x02a3e48c [0x02a3e230+0x25c]
J 371 C1 java.lang.ClassLoader.loadClass(Ljava/lang/String;)Ljava/lang/Class; (7 bytes) @ 0x02a4583c [0x02a45810+0x2c]
v  ~StubRoutines::call_stub
J 450  java.lang.ClassLoader.defineClass1(Ljava/lang/String;[BIILjava/security/ProtectionDomain;Ljava/lang/String;)Ljava/lang/Class; (0 bytes) @ 0x02a61176 [0x02a610d0+0xa6]
J 446 C1 java.lang.ClassLoader.defineClass(Ljava/lang/String;[BIILjava/security/ProtectionDomain;)Ljava/lang/Class; (43 bytes) @ 0x02a626f8 [0x02a62650+0xa8]
J 452 C1 java.net.URLClassLoader.defineClass(Ljava/lang/String;Lsun/misc/Resource;)Ljava/lang/Class; (142 bytes) @ 0x02a6566c [0x02a64de0+0x88c]
J 404 C1 java.net.URLClassLoader$1.run()Ljava/lang/Class; (63 bytes) @ 0x029ff794 [0x029ff710+0x84]
J 403 C1 java.net.URLClassLoader$1.run()Ljava/lang/Object; (5 bytes) @ 0x029ffc20 [0x029ffc00+0x20]
v  ~StubRoutines::call_stub
J 398  java.security.AccessController.doPrivileged(Ljava/security/PrivilegedExceptionAction;Ljava/security/AccessControlContext;)Ljava/lang/Object; (0 bytes) @ 0x02a00f87 [0x02a00f20+0x67]
J 401 C1 java.net.URLClassLoader.findClass(Ljava/lang/String;)Ljava/lang/Class; (47 bytes) @ 0x02a000a4 [0x02a00020+0x84]
J 350 C1 java.lang.ClassLoader.loadClass(Ljava/lang/String;Z)Ljava/lang/Class; (122 bytes) @ 0x02a3e48c [0x02a3e230+0x25c]
J 371 C1 java.lang.ClassLoader.loadClass(Ljava/lang/String;)Ljava/lang/Class; (7 bytes) @ 0x02a4583c [0x02a45810+0x2c]
v  ~StubRoutines::call_stub
J 450  java.lang.ClassLoader.defineClass1(Ljava/lang/String;[BIILjava/security/ProtectionDomain;Ljava/lang/String;)Ljava/lang/Class; (0 bytes) @ 0x02a61176 [0x02a610d0+0xa6]
J 446 C1 java.lang.ClassLoader.defineClass(Ljava/lang/String;[BIILjava/security/ProtectionDomain;)Ljava/lang/Class; (43 bytes) @ 0x02a626f8 [0x02a62650+0xa8]
J 452 C1 java.net.URLClassLoader.defineClass(Ljava/lang/String;Lsun/misc/Resource;)Ljava/lang/Class; (142 bytes) @ 0x02a6566c [0x02a64de0+0x88c]
J 404 C1 java.net.URLClassLoader$1.run()Ljava/lang/Class; (63 bytes) @ 0x029ff794 [0x029ff710+0x84]
J 403 C1 java.net.URLClassLoader$1.run()Ljava/lang/Object; (5 bytes) @ 0x029ffc20 [0x029ffc00+0x20]
v  ~StubRoutines::call_stub
J 398  java.security.AccessController.doPrivileged(Ljava/security/PrivilegedExceptionAction;Ljava/security/AccessControlContext;)Ljava/lang/Object; (0 bytes) @ 0x02a00f87 [0x02a00f20+0x67]
J 401 C1 java.net.URLClassLoader.findClass(Ljava/lang/String;)Ljava/lang/Class; (47 bytes) @ 0x02a000a4 [0x02a00020+0x84]
J 350 C1 java.lang.ClassLoader.loadClass(Ljava/lang/String;Z)Ljava/lang/Class; (122 bytes) @ 0x02a3e48c [0x02a3e230+0x25c]
J 371 C1 java.lang.ClassLoader.loadClass(Ljava/lang/String;)Ljava/lang/Class; (7 bytes) @ 0x02a4583c [0x02a45810+0x2c]
v  ~StubRoutines::call_stub
j  java.lang.Class.getDeclaredConstructors0(Z)[Ljava/lang/reflect/Constructor;+0
j  java.lang.Class.privateGetDeclaredConstructors(Z)[Ljava/lang/reflect/Constructor;+58
j  java.lang.Class.getConstructors()[Ljava/lang/reflect/Constructor;+11
j  sun.reflect.misc.ConstructorUtil.getConstructors(Ljava/lang/Class;)[Ljava/lang/reflect/Constructor;+5
j  javafx.fxml.JavaFXBuilderFactory.scanForConstructorAnnotations(Ljava/lang/Class;)Z+1
j  javafx.fxml.JavaFXBuilderFactory.getBuilder(Ljava/lang/Class;)Ljavafx/util/Builder;+91
j  javafx.fxml.FXMLLoader$InstanceDeclarationElement.constructValue()Ljava/lang/Object;+158
j  javafx.fxml.FXMLLoader$ValueElement.processStartElement()V+6
j  javafx.fxml.FXMLLoader.processStartElement()V+8
j  javafx.fxml.FXMLLoader.loadImpl(Ljava/io/InputStream;Ljava/lang/Class;)Ljava/lang/Object;+203
j  javafx.fxml.FXMLLoader.loadImpl(Ljava/lang/Class;)Ljava/lang/Object;+30
j  javafx.fxml.FXMLLoader.loadImpl(Ljava/net/URL;Ljava/util/ResourceBundle;Ljavafx/util/BuilderFactory;Ljavafx/util/Callback;Ljava/nio/charset/Charset;Ljava/lang/Class;)Ljava/lang/Object;+34
j  javafx.fxml.FXMLLoader.loadImpl(Ljava/net/URL;Ljava/util/ResourceBundle;Ljavafx/util/BuilderFactory;Ljavafx/util/Callback;Ljava/lang/Class;)Ljava/lang/Object;+11
j  javafx.fxml.FXMLLoader.loadImpl(Ljava/net/URL;Ljava/util/ResourceBundle;Ljavafx/util/BuilderFactory;Ljava/lang/Class;)Ljava/lang/Object;+5
j  javafx.fxml.FXMLLoader.loadImpl(Ljava/net/URL;Ljava/util/ResourceBundle;Ljava/lang/Class;)Ljava/lang/Object;+4
j  javafx.fxml.FXMLLoader.loadImpl(Ljava/net/URL;Ljava/lang/Class;)Ljava/lang/Object;+3
j  javafx.fxml.FXMLLoader.load(Ljava/net/URL;)Ljava/lang/Object;+14
j  com.informationmanagement.viewer.MenuUIController.goToWarningPage(Ljavafx/event/ActionEvent;)V+36
v  ~StubRoutines::call_stub
j  sun.reflect.NativeMethodAccessorImpl.invoke0(Ljava/lang/reflect/Method;Ljava/lang/Object;[Ljava/lang/Object;)Ljava/lang/Object;+0
j  sun.reflect.NativeMethodAccessorImpl.invoke(Ljava/lang/Object;[Ljava/lang/Object;)Ljava/lang/Object;+100
J 786 C1 sun.reflect.DelegatingMethodAccessorImpl.invoke(Ljava/lang/Object;[Ljava/lang/Object;)Ljava/lang/Object; (10 bytes) @ 0x02ae2b80 [0x02ae2b50+0x30]
J 785 C1 java.lang.reflect.Method.invoke(Ljava/lang/Object;[Ljava/lang/Object;)Ljava/lang/Object; (62 bytes) @ 0x02ae2894 [0x02ae27c0+0xd4]
j  sun.reflect.misc.Trampoline.invoke(Ljava/lang/reflect/Method;Ljava/lang/Object;[Ljava/lang/Object;)Ljava/lang/Object;+7
j  sun.reflect.GeneratedMethodAccessor1.invoke(Ljava/lang/Object;[Ljava/lang/Object;)Ljava/lang/Object;+40
J 786 C1 sun.reflect.DelegatingMethodAccessorImpl.invoke(Ljava/lang/Object;[Ljava/lang/Object;)Ljava/lang/Object; (10 bytes) @ 0x02ae2b80 [0x02ae2b50+0x30]
J 785 C1 java.lang.reflect.Method.invoke(Ljava/lang/Object;[Ljava/lang/Object;)Ljava/lang/Object; (62 bytes) @ 0x02ae2894 [0x02ae27c0+0xd4]
j  sun.reflect.misc.MethodUtil.invoke(Ljava/lang/reflect/Method;Ljava/lang/Object;[Ljava/lang/Object;)Ljava/lang/Object;+20
j  javafx.fxml.FXMLLoader$MethodHandler.invoke([Ljava/lang/Object;)V+19
j  javafx.fxml.FXMLLoader$ControllerMethodEventHandler.handle(Ljavafx/event/Event;)V+12
j  com.sun.javafx.event.CompositeEventHandler.dispatchBubblingEvent(Ljavafx/event/Event;)V+51
J 888 C1 com.sun.javafx.event.EventHandlerManager.dispatchBubblingEvent(Ljavafx/event/Event;)Ljavafx/event/Event; (23 bytes) @ 0x02afc44c [0x02afc380+0xcc]
J 928 C1 com.sun.javafx.event.CompositeEventDispatcher.dispatchBubblingEvent(Ljavafx/event/Event;)Ljavafx/event/Event; (35 bytes) @ 0x02b09e68 [0x02b09e20+0x48]
j  com.sun.javafx.event.BasicEventDispatcher.dispatchEvent(Ljavafx/event/Event;Ljavafx/event/EventDispatchChain;)Ljavafx/event/Event;+29
J 991 C1 com.sun.javafx.event.EventDispatchChainImpl.dispatchEvent(Ljavafx/event/Event;)Ljavafx/event/Event; (101 bytes) @ 0x02b1a8dc [0x02b1a850+0x8c]
j  com.sun.javafx.event.BasicEventDispatcher.dispatchEvent(Ljavafx/event/Event;Ljavafx/event/EventDispatchChain;)Ljavafx/event/Event;+17
J 991 C1 com.sun.javafx.event.EventDispatchChainImpl.dispatchEvent(Ljavafx/event/Event;)Ljavafx/event/Event; (101 bytes) @ 0x02b1a8dc [0x02b1a850+0x8c]
j  com.sun.javafx.event.BasicEventDispatcher.dispatchEvent(Ljavafx/event/Event;Ljavafx/event/EventDispatchChain;)Ljavafx/event/Event;+17
J 991 C1 com.sun.javafx.event.EventDispatchChainImpl.dispatchEvent(Ljavafx/event/Event;)Ljavafx/event/Event; (101 bytes) @ 0x02b1a8dc [0x02b1a850+0x8c]
j  com.sun.javafx.event.EventUtil.fireEventImpl(Ljavafx/event/EventDispatchChain;Ljavafx/event/EventTarget;Ljavafx/event/Event;)Ljavafx/event/Event;+10
j  com.sun.javafx.event.EventUtil.fireEvent(Ljavafx/event/EventTarget;Ljavafx/event/Event;)Ljavafx/event/Event;+37
j  javafx.event.Event.fireEvent(Ljavafx/event/EventTarget;Ljavafx/event/Event;)V+30
j  javafx.scene.Node.fireEvent(Ljavafx/event/Event;)V+86
j  javafx.scene.control.Button.fire()V+15
j  com.sun.javafx.scene.control.behavior.ButtonBehavior.mouseReleased(Ljavafx/scene/input/MouseEvent;)V+23
j  com.sun.javafx.scene.control.skin.BehaviorSkinBase$1.handle(Ljavafx/scene/input/MouseEvent;)V+83
j  com.sun.javafx.scene.control.skin.BehaviorSkinBase$1.handle(Ljavafx/event/Event;)V+5
j  com.sun.javafx.event.CompositeEventHandler$NormalEventHandlerRecord.handleBubblingEvent(Ljavafx/event/Event;)V+5
j  com.sun.javafx.event.CompositeEventHandler.dispatchBubblingEvent(Ljavafx/event/Event;)V+28
J 888 C1 com.sun.javafx.event.EventHandlerManager.dispatchBubblingEvent(Ljavafx/event/Event;)Ljavafx/event/Event; (23 bytes) @ 0x02afc44c [0x02afc380+0xcc]
J 928 C1 com.sun.javafx.event.CompositeEventDispatcher.dispatchBubblingEvent(Ljavafx/event/Event;)Ljavafx/event/Event; (35 bytes) @ 0x02b09e68 [0x02b09e20+0x48]
j  com.sun.javafx.event.BasicEventDispatcher.dispatchEvent(Ljavafx/event/Event;Ljavafx/event/EventDispatchChain;)Ljavafx/event/Event;+29
J 991 C1 com.sun.javafx.event.EventDispatchChainImpl.dispatchEvent(Ljavafx/event/Event;)Ljavafx/event/Event; (101 bytes) @ 0x02b1a8dc [0x02b1a850+0x8c]
j  com.sun.javafx.event.BasicEventDispatcher.dispatchEvent(Ljavafx/event/Event;Ljavafx/event/EventDispatchChain;)Ljavafx/event/Event;+17
J 991 C1 com.sun.javafx.event.EventDispatchChainImpl.dispatchEvent(Ljavafx/event/Event;)Ljavafx/event/Event; (101 bytes) @ 0x02b1a8dc [0x02b1a850+0x8c]
j  com.sun.javafx.event.BasicEventDispatcher.dispatchEvent(Ljavafx/event/Event;Ljavafx/event/EventDispatchChain;)Ljavafx/event/Event;+17
J 991 C1 com.sun.javafx.event.EventDispatchChainImpl.dispatchEvent(Ljavafx/event/Event;)Ljavafx/event/Event; (101 bytes) @ 0x02b1a8dc [0x02b1a850+0x8c]
j  com.sun.javafx.event.EventUtil.fireEventImpl(Ljavafx/event/EventDispatchChain;Ljavafx/event/EventTarget;Ljavafx/event/Event;)Ljavafx/event/Event;+10
j  com.sun.javafx.event.EventUtil.fireEvent(Ljavafx/event/EventTarget;Ljavafx/event/Event;)Ljavafx/event/Event;+46
j  javafx.event.Event.fireEvent(Ljavafx/event/EventTarget;Ljavafx/event/Event;)V+30
j  javafx.scene.Scene$MouseHandler.process(Ljavafx/scene/input/MouseEvent;Z)V+491
j  javafx.scene.Scene$MouseHandler.access$1500(Ljavafx/scene/Scene$MouseHandler;Ljavafx/scene/input/MouseEvent;Z)V+3
j  javafx.scene.Scene.impl_processMouseEvent(Ljavafx/scene/input/MouseEvent;)V+6
j  javafx.scene.Scene$ScenePeerListener.mouseEvent(Ljavafx/event/EventType;DDDDLjavafx/scene/input/MouseButton;ZZZZZZZZZ)V+46
j  com.sun.javafx.tk.quantum.GlassViewEventHandler$MouseEventNotification.run()Ljava/lang/Void;+514
j  com.sun.javafx.tk.quantum.GlassViewEventHandler$MouseEventNotification.run()Ljava/lang/Object;+1
v  ~StubRoutines::call_stub
J 813  java.security.AccessController.doPrivileged(Ljava/security/PrivilegedAction;Ljava/security/AccessControlContext;)Ljava/lang/Object; (0 bytes) @ 0x02ae6a07 [0x02ae69a0+0x67]
j  com.sun.javafx.tk.quantum.GlassViewEventHandler.lambda$handleMouseEvent$353()Ljava/lang/Void;+11
j  com.sun.javafx.tk.quantum.GlassViewEventHandler$$Lambda$202.get()Ljava/lang/Object;+4
j  com.sun.javafx.tk.quantum.QuantumToolkit.runWithoutRenderLock(Ljava/util/function/Supplier;)Ljava/lang/Object;+18
j  com.sun.javafx.tk.quantum.GlassViewEventHandler.handleMouseEvent(Lcom/sun/glass/ui/View;JIIIIIIIZZ)V+103
j  com.sun.glass.ui.View.handleMouseEvent(JIIIIIIIZZ)V+30
j  com.sun.glass.ui.View.notifyMouse(IIIIIIIZZ)V+181
v  ~StubRoutines::call_stub
j  com.sun.glass.ui.win.WinApplication._runLoop(Ljava/lang/Runnable;)V+0
j  com.sun.glass.ui.win.WinApplication.lambda$null$147(ILjava/lang/Runnable;)V+8
j  com.sun.glass.ui.win.WinApplication$$Lambda$37.run()V+12
j  java.lang.Thread.run()V+11
v  ~StubRoutines::call_stub

---------------  P R O C E S S  ---------------

Java Threads: ( => current thread )
  0x1ab7a000 JavaThread "Prism Font Disposer" daemon [_thread_blocked, id=7788, stack(0x1d380000,0x1d3d0000)]
  0x16129000 JavaThread "Thread-3" daemon [_thread_blocked, id=6104, stack(0x1a9c0000,0x1aa10000)]
  0x1610bc00 JavaThread "JavaFX-Launcher" [_thread_blocked, id=1812, stack(0x1aa50000,0x1aaa0000)]
=>0x160fe800 JavaThread "JavaFX Application Thread" [_thread_in_vm, id=2016, stack(0x164d0000,0x16520000)]
  0x160f3000 JavaThread "Thread-1" daemon [_thread_blocked, id=1936, stack(0x16280000,0x162d0000)]
  0x160b3000 JavaThread "QuantumRenderer-0" daemon [_thread_blocked, id=2184, stack(0x161f0000,0x16240000)]
  0x028c5400 JavaThread "Service Thread" daemon [_thread_blocked, id=1684, stack(0x15ed0000,0x15f20000)]
  0x028afc00 JavaThread "C1 CompilerThread0" daemon [_thread_blocked, id=1796, stack(0x15e40000,0x15e90000)]
  0x028aec00 JavaThread "Attach Listener" daemon [_thread_blocked, id=8036, stack(0x15db0000,0x15e00000)]
  0x028ad000 JavaThread "Signal Dispatcher" daemon [_thread_blocked, id=1676, stack(0x157a0000,0x157f0000)]
  0x028a3c00 JavaThread "Finalizer" daemon [_thread_blocked, id=6560, stack(0x14b80000,0x14bd0000)]
  0x02846800 JavaThread "Reference Handler" daemon [_thread_blocked, id=2304, stack(0x14af0000,0x14b40000)]
  0x00d2bc00 JavaThread "main" [_thread_blocked, id=4824, stack(0x00d50000,0x00da0000)]

Other Threads:
  0x02842c00 VMThread [stack: 0x14a60000,0x14ab0000] [id=1592]
  0x028e4c00 WatcherThread [stack: 0x15f60000,0x15fb0000] [id=2736]

VM state:synchronizing (normal execution)

VM Mutex/Monitor currently owned by a thread:  ([mutex/lock_event])
[0x00d2a1b0] Threads_lock - owner thread: 0x02842c00

Heap:
 def new generation   total 16192K, used 8520K [0x04a00000, 0x05b90000, 0x09f50000)
  eden space 14400K,  51% used [0x04a00000, 0x0513e7a0, 0x05810000)
  from space 1792K,  61% used [0x059d0000, 0x05ae3a88, 0x05b90000)
  to   space 1792K,   0% used [0x05810000, 0x05810000, 0x059d0000)
 tenured generation   total 35828K, used 30950K [0x09f50000, 0x0c24d000, 0x14a00000)
   the space 35828K,  86% used [0x09f50000, 0x0bd89bf0, 0x0bd89c00, 0x0c24d000)
 Metaspace       used 7414K, capacity 9179K, committed 9216K, reserved 9600K

Card table byte_map: [0x04920000,0x049b0000] byte_map_base: 0x048fb000

Polling page: 0x00d00000

CodeCache: size=32768Kb used=2152Kb max_used=2152Kb free=30615Kb
 bounds [0x02920000, 0x02b40000, 0x04920000]
 total_blobs=1473 nmethods=1066 adapters=336
 compilation: enabled

Compilation events (10 events):
Event: 1622.355 Thread 0x028afc00 1071             sun.reflect.ReflectionFactory::copyMethod (10 bytes)
Event: 1622.355 Thread 0x028afc00 nmethod 1071 0x02b32d48 code [0x02b32e50, 0x02b32f2c]
Event: 1622.356 Thread 0x028afc00 1072             java.lang.Integer::parseInt (261 bytes)
Event: 1622.358 Thread 0x028afc00 nmethod 1072 0x02b33008 code [0x02b333e0, 0x02b3482c]
Event: 1622.373 Thread 0x028afc00 1073             com.sun.javafx.fxml.BeanAdapter::getType (31 bytes)
Event: 1622.374 Thread 0x028afc00 nmethod 1073 0x02b360c8 code [0x02b361e0, 0x02b36308]
Event: 1622.374 Thread 0x028afc00 1074             java.lang.Class::searchMethods (90 bytes)
Event: 1622.374 Thread 0x028afc00 nmethod 1074 0x02b363c8 code [0x02b36530, 0x02b367f8]
Event: 1622.375 Thread 0x028afc00 1075             com.sun.org.apache.xerces.internal.impl.XMLNSDocumentScannerImpl::scanStartElement (1026 bytes)
Event: 1622.377 Thread 0x028afc00 nmethod 1075 0x02b36c08 code [0x02b36fd0, 0x02b3885c]

GC Heap History (10 events):
Event: 5.709 GC heap before
{Heap before GC invocations=8 (full 0):
 def new generation   total 4928K, used 2294K [0x04a00000, 0x04f50000, 0x09f50000)
  eden space 4416K,  49% used [0x04a00000, 0x04c22a68, 0x04e50000)
  from space 512K,  21% used [0x04e50000, 0x04e6aeb0, 0x04ed0000)
  to   space 512K,   0% used [0x04ed0000, 0x04ed0000, 0x04f50000)
 tenured generation   total 10944K, used 8735K [0x09f50000, 0x0aa00000, 0x14a00000)
   the space 10944K,  79% used [0x09f50000, 0x0a7d7d60, 0x0a7d7e00, 0x0aa00000)
 Metaspace       used 6896K, capacity 8629K, committed 8704K, reserved 9600K
Event: 5.722 GC heap after
Heap after GC invocations=9 (full 1):
 def new generation   total 6784K, used 0K [0x04a00000, 0x05150000, 0x09f50000)
  eden space 6080K,   0% used [0x04a00000, 0x04a00000, 0x04ff0000)
  from space 704K,   0% used [0x04ff0000, 0x04ff0000, 0x050a0000)
  to   space 704K,   0% used [0x050a0000, 0x050a0000, 0x05150000)
 tenured generation   total 14888K, used 8932K [0x09f50000, 0x0adda000, 0x14a00000)
   the space 14888K,  59% used [0x09f50000, 0x0a8092f0, 0x0a809400, 0x0adda000)
 Metaspace       used 6896K, capacity 8629K, committed 8704K, reserved 9600K
}
Event: 9.129 GC heap before
{Heap before GC invocations=9 (full 1):
 def new generation   total 6784K, used 5674K [0x04a00000, 0x05150000, 0x09f50000)
  eden space 6080K,  93% used [0x04a00000, 0x04f8a9b0, 0x04ff0000)
  from space 704K,   0% used [0x04ff0000, 0x04ff0000, 0x050a0000)
  to   space 704K,   0% used [0x050a0000, 0x050a0000, 0x05150000)
 tenured generation   total 24344K, used 18388K [0x09f50000, 0x0b716000, 0x14a00000)
   the space 24344K,  75% used [0x09f50000, 0x0b145018, 0x0b145200, 0x0b716000)
 Metaspace       used 7227K, capacity 8992K, committed 9088K, reserved 9600K
Event: 9.131 GC heap after
Heap after GC invocations=10 (full 1):
 def new generation   total 6784K, used 704K [0x04a00000, 0x05150000, 0x09f50000)
  eden space 6080K,   0% used [0x04a00000, 0x04a00000, 0x04ff0000)
  from space 704K, 100% used [0x050a0000, 0x05150000, 0x05150000)
  to   space 704K,   0% used [0x04ff0000, 0x04ff0000, 0x050a0000)
 tenured generation   total 24344K, used 18968K [0x09f50000, 0x0b716000, 0x14a00000)
   the space 24344K,  77% used [0x09f50000, 0x0b1d6320, 0x0b1d6400, 0x0b716000)
 Metaspace       used 7227K, capacity 8992K, committed 9088K, reserved 9600K
}
Event: 9.186 GC heap before
{Heap before GC invocations=10 (full 1):
 def new generation   total 6784K, used 6784K [0x04a00000, 0x05150000, 0x09f50000)
  eden space 6080K, 100% used [0x04a00000, 0x04ff0000, 0x04ff0000)
  from space 704K, 100% used [0x050a0000, 0x05150000, 0x05150000)
  to   space 704K,   0% used [0x04ff0000, 0x04ff0000, 0x050a0000)
 tenured generation   total 24344K, used 18968K [0x09f50000, 0x0b716000, 0x14a00000)
   the space 24344K,  77% used [0x09f50000, 0x0b1d6320, 0x0b1d6400, 0x0b716000)
 Metaspace       used 7234K, capacity 8999K, committed 9088K, reserved 9600K
Event: 9.190 GC heap after
Heap after GC invocations=11 (full 1):
 def new generation   total 6784K, used 703K [0x04a00000, 0x05150000, 0x09f50000)
  eden space 6080K,   0% used [0x04a00000, 0x04a00000, 0x04ff0000)
  from space 704K,  99% used [0x04ff0000, 0x0509fff0, 0x050a0000)
  to   space 704K,   0% used [0x050a0000, 0x050a0000, 0x05150000)
 tenured generation   total 24344K, used 23761K [0x09f50000, 0x0b716000, 0x14a00000)
   the space 24344K,  97% used [0x09f50000, 0x0b6844a8, 0x0b684600, 0x0b716000)
 Metaspace       used 7234K, capacity 8999K, committed 9088K, reserved 9600K
}
Event: 597.256 GC heap before
{Heap before GC invocations=11 (full 1):
 def new generation   total 6784K, used 4530K [0x04a00000, 0x05150000, 0x09f50000)
  eden space 6080K,  62% used [0x04a00000, 0x04dbc828, 0x04ff0000)
  from space 704K,  99% used [0x04ff0000, 0x0509fff0, 0x050a0000)
  to   space 704K,   0% used [0x050a0000, 0x050a0000, 0x05150000)
 tenured generation   total 24344K, used 23761K [0x09f50000, 0x0b716000, 0x14a00000)
   the space 24344K,  97% used [0x09f50000, 0x0b6844a8, 0x0b684600, 0x0b716000)
 Metaspace       used 7257K, capacity 9034K, committed 9088K, reserved 9600K
Event: 597.281 GC heap after
Heap after GC invocations=12 (full 2):
 def new generation   total 16192K, used 0K [0x04a00000, 0x05b90000, 0x09f50000)
  eden space 14400K,   0% used [0x04a00000, 0x04a00000, 0x05810000)
  from space 1792K,   0% used [0x05810000, 0x05810000, 0x059d0000)
  to   space 1792K,   0% used [0x059d0000, 0x059d0000, 0x05b90000)
 tenured generation   total 35828K, used 21495K [0x09f50000, 0x0c24d000, 0x14a00000)
   the space 35828K,  59% used [0x09f50000, 0x0b44dec8, 0x0b44e000, 0x0c24d000)
 Metaspace       used 7249K, capacity 9011K, committed 9088K, reserved 9600K
}
Event: 1622.302 GC heap before
{Heap before GC invocations=12 (full 2):
 def new generation   total 16192K, used 14371K [0x04a00000, 0x05b90000, 0x09f50000)
  eden space 14400K,  99% used [0x04a00000, 0x05808eb0, 0x05810000)
  from space 1792K,   0% used [0x05810000, 0x05810000, 0x059d0000)
  to   space 1792K,   0% used [0x059d0000, 0x059d0000, 0x05b90000)
 tenured generation   total 35828K, used 21495K [0x09f50000, 0x0c24d000, 0x14a00000)
   the space 35828K,  59% used [0x09f50000, 0x0b44dec8, 0x0b44e000, 0x0c24d000)
 Metaspace       used 7268K, capacity 9029K, committed 9088K, reserved 9600K
Event: 1622.309 GC heap after
Heap after GC invocations=13 (full 2):
 def new generation   total 16192K, used 1102K [0x04a00000, 0x05b90000, 0x09f50000)
  eden space 14400K,   0% used [0x04a00000, 0x04a00000, 0x05810000)
  from space 1792K,  61% used [0x059d0000, 0x05ae3a88, 0x05b90000)
  to   space 1792K,   0% used [0x05810000, 0x05810000, 0x059d0000)
 tenured generation   total 35828K, used 30950K [0x09f50000, 0x0c24d000, 0x14a00000)
   the space 35828K,  86% used [0x09f50000, 0x0bd89bf0, 0x0bd89c00, 0x0c24d000)
 Metaspace       used 7268K, capacity 9029K, committed 9088K, reserved 9600K
}

Deoptimization events (0 events):
No events

Internal exceptions (10 events):
Event: 0.196 Thread 0x00d2bc00 Exception <a 'java/security/PrivilegedActionException'> (0x04c167a8) thrown at [C:\workspace\8-2-build-windows-i586-cygwin\jdk8u151\9699\hotspot\src\share\vm\prims\jvm.cpp, line 1390]
Event: 0.196 Thread 0x00d2bc00 Exception <a 'java/security/PrivilegedActionException'> (0x04c169a8) thrown at [C:\workspace\8-2-build-windows-i586-cygwin\jdk8u151\9699\hotspot\src\share\vm\prims\jvm.cpp, line 1390]
Event: 0.197 Thread 0x00d2bc00 Exception <a 'java/security/PrivilegedActionException'> (0x04c1aa80) thrown at [C:\workspace\8-2-build-windows-i586-cygwin\jdk8u151\9699\hotspot\src\share\vm\prims\jvm.cpp, line 1390]
Event: 0.197 Thread 0x00d2bc00 Exception <a 'java/security/PrivilegedActionException'> (0x04c1ac80) thrown at [C:\workspace\8-2-build-windows-i586-cygwin\jdk8u151\9699\hotspot\src\share\vm\prims\jvm.cpp, line 1390]
Event: 0.197 Thread 0x00d2bc00 Exception <a 'java/lang/NullPointerException'> (0x04c1b1e8) thrown at [C:\workspace\8-2-build-windows-i586-cygwin\jdk8u151\9699\hotspot\src\share\vm\interpreter\linkResolver.cpp, line 1183]
Event: 1.473 Thread 0x160fe800 Exception <a 'java/lang/NullPointerException'> (0x04b794a0) thrown at [C:\workspace\8-2-build-windows-i586-cygwin\jdk8u151\9699\hotspot\src\share\vm\interpreter\linkResolver.cpp, line 1183]
Event: 1.473 Thread 0x160fe800 Exception <a 'java/lang/NullPointerException'> (0x04b794a0) thrown at [C:\workspace\8-2-build-windows-i586-cygwin\jdk8u151\9699\hotspot\src\share\vm\prims\jvm.cpp, line 1394]
Event: 1.616 Thread 0x160fe800 Exception <a 'java/lang/ArrayIndexOutOfBoundsException': 58> (0x04b31ef0) thrown at [C:\workspace\8-2-build-windows-i586-cygwin\jdk8u151\9699\hotspot\src\share\vm\interpreter\interpreterRuntime.cpp, line 366]
Event: 1.617 Thread 0x160fe800 Exception <a 'java/lang/ArrayIndexOutOfBoundsException': 18> (0x04b32be0) thrown at [C:\workspace\8-2-build-windows-i586-cygwin\jdk8u151\9699\hotspot\src\share\vm\interpreter\interpreterRuntime.cpp, line 366]
Event: 1.617 Thread 0x160fe800 Exception <a 'java/lang/ArrayIndexOutOfBoundsException': 86> (0x04b33d48) thrown at [C:\workspace\8-2-build-windows-i586-cygwin\jdk8u151\9699\hotspot\src\share\vm\interpreter\interpreterRuntime.cpp, line 366]

Events (10 events):
Event: 1622.376 loading class javafx/scene/control/TableView$8
Event: 1622.376 loading class javafx/scene/control/TableView$8 done
Event: 1622.376 loading class javafx/scene/control/TableView$TableViewSelectionModel
Event: 1622.376 loading class javafx/scene/control/TableView$TableViewSelectionModel done
Event: 1622.377 loading class javafx/scene/control/TableSelectionModel
Event: 1622.377 loading class javafx/scene/control/TableSelectionModel done
Event: 1622.377 loading class javafx/scene/control/MultipleSelectionModelBase
Event: 1622.377 loading class javafx/scene/control/MultipleSelectionModelBase done
Event: 1622.377 loading class javafx/scene/control/MultipleSelectionModel
Event: 1622.377 loading class javafx/scene/control/MultipleSelectionModel done


Dynamic libraries:
0x00c60000 - 0x00c93000 	C:\Program Files (x86)\Java\jdk1.8.0_151\jre\bin\java.exe
0x776a0000 - 0x7782e000 	C:\Windows\SYSTEM32\ntdll.dll
0x76e10000 - 0x76ee0000 	C:\Windows\System32\KERNEL32.DLL
0x774c0000 - 0x77682000 	C:\Windows\System32\KERNELBASE.dll
0x6ff40000 - 0x6ffd3000 	C:\Windows\SYSTEM32\apphelp.dll
0x755a0000 - 0x75617000 	C:\Windows\System32\ADVAPI32.dll
0x77400000 - 0x774bd000 	C:\Windows\System32\msvcrt.dll
0x76a50000 - 0x76a91000 	C:\Windows\System32\sechost.dll
0x76670000 - 0x76730000 	C:\Windows\System32\RPCRT4.dll
0x74170000 - 0x74190000 	C:\Windows\System32\SspiCli.dll
0x74160000 - 0x7416a000 	C:\Windows\System32\CRYPTBASE.dll
0x769f0000 - 0x76a47000 	C:\Windows\System32\bcryptPrimitives.dll
0x76530000 - 0x7666c000 	C:\Windows\System32\USER32.dll
0x76480000 - 0x76496000 	C:\Windows\System32\win32u.dll
0x77240000 - 0x77261000 	C:\Windows\System32\GDI32.dll
0x76cb0000 - 0x76e08000 	C:\Windows\System32\gdi32full.dll
0x76730000 - 0x767a9000 	C:\Windows\System32\msvcp_win.dll
0x767c0000 - 0x768d8000 	C:\Windows\System32\ucrtbase.dll
0x70960000 - 0x70b6e000 	C:\Windows\WinSxS\x86_microsoft.windows.common-controls_6595b64144ccf1df_6.0.15063.483_none_6dad63fefc436da8\COMCTL32.dll
0x76240000 - 0x76478000 	C:\Windows\System32\combase.dll
0x76ee0000 - 0x76f05000 	C:\Windows\System32\IMM32.DLL
0x6f070000 - 0x6f12f000 	C:\Program Files (x86)\Java\jdk1.8.0_151\jre\bin\msvcr100.dll
0x6f130000 - 0x6f4fe000 	C:\Program Files (x86)\Java\jdk1.8.0_151\jre\bin\client\jvm.dll
0x767b0000 - 0x767b6000 	C:\Windows\System32\PSAPI.DLL
0x73370000 - 0x73378000 	C:\Windows\SYSTEM32\WSOCK32.dll
0x73880000 - 0x738a4000 	C:\Windows\SYSTEM32\WINMM.dll
0x70b70000 - 0x70b78000 	C:\Windows\SYSTEM32\VERSION.dll
0x75620000 - 0x75687000 	C:\Windows\System32\WS2_32.dll
0x73340000 - 0x73363000 	C:\Windows\SYSTEM32\WINMMBASE.dll
0x77360000 - 0x77399000 	C:\Windows\System32\cfgmgr32.dll
0x6f030000 - 0x6f03c000 	C:\Program Files (x86)\Java\jdk1.8.0_151\jre\bin\verify.dll
0x6f000000 - 0x6f021000 	C:\Program Files (x86)\Java\jdk1.8.0_151\jre\bin\java.dll
0x6efe0000 - 0x6eff4000 	C:\Program Files (x86)\Java\jdk1.8.0_151\jre\bin\zip.dll
0x74200000 - 0x75548000 	C:\Windows\System32\SHELL32.dll
0x761b0000 - 0x7623c000 	C:\Windows\System32\shcore.dll
0x75ab0000 - 0x76037000 	C:\Windows\System32\windows.storage.dll
0x76aa0000 - 0x76ae5000 	C:\Windows\System32\shlwapi.dll
0x769e0000 - 0x769ee000 	C:\Windows\System32\kernel.appcore.dll
0x773b0000 - 0x773f5000 	C:\Windows\System32\powrprof.dll
0x769d0000 - 0x769e0000 	C:\Windows\System32\profapi.dll
0x6e320000 - 0x6e323000 	C:\Program Files (x86)\Java\jdk1.8.0_151\jre\bin\api-ms-win-core-console-l1-1-0.dll
0x6e310000 - 0x6e313000 	C:\Program Files (x86)\Java\jdk1.8.0_151\jre\bin\api-ms-win-core-datetime-l1-1-0.dll
0x6e300000 - 0x6e303000 	C:\Program Files (x86)\Java\jdk1.8.0_151\jre\bin\api-ms-win-core-debug-l1-1-0.dll
0x6e2f0000 - 0x6e2f3000 	C:\Program Files (x86)\Java\jdk1.8.0_151\jre\bin\api-ms-win-core-errorhandling-l1-1-0.dll
0x6e2e0000 - 0x6e2e4000 	C:\Program Files (x86)\Java\jdk1.8.0_151\jre\bin\api-ms-win-core-file-l1-1-0.dll
0x6e2d0000 - 0x6e2d3000 	C:\Program Files (x86)\Java\jdk1.8.0_151\jre\bin\api-ms-win-core-file-l1-2-0.dll
0x6e2c0000 - 0x6e2c3000 	C:\Program Files (x86)\Java\jdk1.8.0_151\jre\bin\api-ms-win-core-file-l2-1-0.dll
0x6e2b0000 - 0x6e2b3000 	C:\Program Files (x86)\Java\jdk1.8.0_151\jre\bin\api-ms-win-core-handle-l1-1-0.dll
0x6e2a0000 - 0x6e2a3000 	C:\Program Files (x86)\Java\jdk1.8.0_151\jre\bin\api-ms-win-core-heap-l1-1-0.dll
0x6e290000 - 0x6e293000 	C:\Program Files (x86)\Java\jdk1.8.0_151\jre\bin\api-ms-win-core-interlocked-l1-1-0.dll
0x6e280000 - 0x6e283000 	C:\Program Files (x86)\Java\jdk1.8.0_151\jre\bin\api-ms-win-core-libraryloader-l1-1-0.dll
0x6e270000 - 0x6e273000 	C:\Program Files (x86)\Java\jdk1.8.0_151\jre\bin\api-ms-win-core-localization-l1-2-0.dll
0x6e260000 - 0x6e263000 	C:\Program Files (x86)\Java\jdk1.8.0_151\jre\bin\api-ms-win-core-memory-l1-1-0.dll
0x6e250000 - 0x6e253000 	C:\Program Files (x86)\Java\jdk1.8.0_151\jre\bin\api-ms-win-core-namedpipe-l1-1-0.dll
0x6e240000 - 0x6e243000 	C:\Program Files (x86)\Java\jdk1.8.0_151\jre\bin\api-ms-win-core-processenvironment-l1-1-0.dll
0x6e230000 - 0x6e233000 	C:\Program Files (x86)\Java\jdk1.8.0_151\jre\bin\api-ms-win-core-processthreads-l1-1-0.dll
0x6e220000 - 0x6e223000 	C:\Program Files (x86)\Java\jdk1.8.0_151\jre\bin\api-ms-win-core-processthreads-l1-1-1.dll
0x6e210000 - 0x6e213000 	C:\Program Files (x86)\Java\jdk1.8.0_151\jre\bin\api-ms-win-core-profile-l1-1-0.dll
0x6e200000 - 0x6e203000 	C:\Program Files (x86)\Java\jdk1.8.0_151\jre\bin\api-ms-win-core-rtlsupport-l1-1-0.dll
0x6e1f0000 - 0x6e1f3000 	C:\Program Files (x86)\Java\jdk1.8.0_151\jre\bin\api-ms-win-core-string-l1-1-0.dll
0x6e1e0000 - 0x6e1e3000 	C:\Program Files (x86)\Java\jdk1.8.0_151\jre\bin\api-ms-win-core-synch-l1-1-0.dll
0x6e1d0000 - 0x6e1d3000 	C:\Program Files (x86)\Java\jdk1.8.0_151\jre\bin\api-ms-win-core-synch-l1-2-0.dll
0x6e1c0000 - 0x6e1c3000 	C:\Program Files (x86)\Java\jdk1.8.0_151\jre\bin\api-ms-win-core-sysinfo-l1-1-0.dll
0x6e1b0000 - 0x6e1b3000 	C:\Program Files (x86)\Java\jdk1.8.0_151\jre\bin\api-ms-win-core-timezone-l1-1-0.dll
0x6e1a0000 - 0x6e1a3000 	C:\Program Files (x86)\Java\jdk1.8.0_151\jre\bin\api-ms-win-core-util-l1-1-0.dll
0x6e190000 - 0x6e193000 	C:\Program Files (x86)\Java\jdk1.8.0_151\jre\bin\api-ms-win-crt-conio-l1-1-0.dll
0x6e180000 - 0x6e184000 	C:\Program Files (x86)\Java\jdk1.8.0_151\jre\bin\api-ms-win-crt-convert-l1-1-0.dll
0x6e170000 - 0x6e173000 	C:\Program Files (x86)\Java\jdk1.8.0_151\jre\bin\api-ms-win-crt-environment-l1-1-0.dll
0x6e160000 - 0x6e163000 	C:\Program Files (x86)\Java\jdk1.8.0_151\jre\bin\api-ms-win-crt-filesystem-l1-1-0.dll
0x6e150000 - 0x6e153000 	C:\Program Files (x86)\Java\jdk1.8.0_151\jre\bin\api-ms-win-crt-heap-l1-1-0.dll
0x6e140000 - 0x6e143000 	C:\Program Files (x86)\Java\jdk1.8.0_151\jre\bin\api-ms-win-crt-locale-l1-1-0.dll
0x6e130000 - 0x6e135000 	C:\Program Files (x86)\Java\jdk1.8.0_151\jre\bin\api-ms-win-crt-math-l1-1-0.dll
0x6e120000 - 0x6e125000 	C:\Program Files (x86)\Java\jdk1.8.0_151\jre\bin\api-ms-win-crt-multibyte-l1-1-0.dll
0x6e110000 - 0x6e120000 	C:\Program Files (x86)\Java\jdk1.8.0_151\jre\bin\api-ms-win-crt-private-l1-1-0.dll
0x6e100000 - 0x6e103000 	C:\Program Files (x86)\Java\jdk1.8.0_151\jre\bin\api-ms-win-crt-process-l1-1-0.dll
0x6e0f0000 - 0x6e0f4000 	C:\Program Files (x86)\Java\jdk1.8.0_151\jre\bin\api-ms-win-crt-runtime-l1-1-0.dll
0x6e0e0000 - 0x6e0e4000 	C:\Program Files (x86)\Java\jdk1.8.0_151\jre\bin\api-ms-win-crt-stdio-l1-1-0.dll
0x6e0d0000 - 0x6e0d4000 	C:\Program Files (x86)\Java\jdk1.8.0_151\jre\bin\api-ms-win-crt-string-l1-1-0.dll
0x6e0c0000 - 0x6e0c3000 	C:\Program Files (x86)\Java\jdk1.8.0_151\jre\bin\api-ms-win-crt-time-l1-1-0.dll
0x6e0b0000 - 0x6e0b3000 	C:\Program Files (x86)\Java\jdk1.8.0_151\jre\bin\api-ms-win-crt-utility-l1-1-0.dll
0x6df90000 - 0x6e0a8000 	C:\Program Files (x86)\Java\jdk1.8.0_151\jre\bin\ucrtbase.dll
0x6df50000 - 0x6df8b000 	C:\Program Files (x86)\Java\jdk1.8.0_151\jre\bin\concrt140.dll
0x6df30000 - 0x6df44000 	C:\Program Files (x86)\Java\jdk1.8.0_151\jre\bin\VCRUNTIME140.dll
0x6dec0000 - 0x6df2c000 	C:\Program Files (x86)\Java\jdk1.8.0_151\jre\bin\MSVCP140.dll
0x6dea0000 - 0x6debe000 	C:\Program Files (x86)\Java\jdk1.8.0_151\jre\bin\prism_d3d.dll
0x6dd30000 - 0x6de92000 	C:\Windows\system32\d3d9.dll
0x6f700000 - 0x6f723000 	C:\Windows\SYSTEM32\dwmapi.dll
0x708e0000 - 0x70958000 	C:\Windows\system32\uxtheme.dll
0x6b8d0000 - 0x6dd24000 	C:\Windows\SYSTEM32\igdumdim32.dll
0x76af0000 - 0x76b86000 	C:\Windows\System32\OLEAUT32.dll
0x76bb0000 - 0x76ca3000 	C:\Windows\System32\ole32.dll
0x75690000 - 0x75aaa000 	C:\Windows\System32\SETUPAPI.dll
0x6b890000 - 0x6b8c8000 	C:\Program Files (x86)\Java\jdk1.8.0_151\jre\bin\glass.dll
0x768e0000 - 0x769cf000 	C:\Windows\System32\COMDLG32.dll
0x76f70000 - 0x770b6000 	C:\Windows\System32\MSCTF.dll
0x6afc0000 - 0x6b88b000 	C:\Windows\SYSTEM32\igdusc32.dll
0x67850000 - 0x67871000 	C:\Program Files (x86)\Java\jdk1.8.0_151\jre\bin\javafx_iio.dll
0x68550000 - 0x68560000 	C:\Program Files (x86)\Java\jdk1.8.0_151\jre\bin\javafx_font.dll
0x68300000 - 0x68547000 	C:\Windows\SYSTEM32\dwrite.dll
0x764a0000 - 0x76523000 	C:\Windows\System32\clbcatq.dll
0x6f570000 - 0x6f6e2000 	C:\Windows\SYSTEM32\WindowsCodecs.dll
0x6e880000 - 0x6e8c3000 	C:\Windows\system32\dataexchange.dll
0x6e790000 - 0x6e87b000 	C:\Windows\system32\dcomp.dll
0x6e530000 - 0x6e782000 	C:\Windows\system32\d3d11.dll
0x6e4a0000 - 0x6e52a000 	C:\Windows\system32\dxgi.dll
0x6e360000 - 0x6e496000 	C:\Windows\system32\twinapi.appcore.dll
0x73230000 - 0x73248000 	C:\Windows\system32\bcrypt.dll
0x67820000 - 0x67845000 	C:\Program Files (x86)\Common Files\Microsoft Shared\Ink\rtscom.dll
0x6ec60000 - 0x6ecc7000 	C:\Windows\System32\TextInputFramework.dll
0x6ea30000 - 0x6ec57000 	C:\Windows\System32\CoreUIComponents.dll
0x6e9a0000 - 0x6ea2f000 	C:\Windows\System32\CoreMessaging.dll
0x70f70000 - 0x71041000 	C:\Windows\SYSTEM32\wintypes.dll
0x6e990000 - 0x6e9a0000 	C:\Windows\SYSTEM32\usermgrcli.dll
0x73170000 - 0x73198000 	C:\Windows\SYSTEM32\ntmarta.dll
0x67810000 - 0x6781f000 	C:\Program Files (x86)\Java\jdk1.8.0_151\jre\bin\prism_common.dll
0x67fd0000 - 0x6812d000 	C:\Windows\SYSTEM32\dbghelp.dll

VM Arguments:
jvm_args: -Dfile.encoding=UTF-8 
java_command: C:\Users\CláudioFilipedaSilva\Documents\NetBeansProjects\informationManagement\dist\run1052177992\InformationManagement.jar
java_class_path (initial): C:\Users\CláudioFilipedaSilva\Documents\NetBeansProjects\informationManagement\dist\run1052177992\InformationManagement.jar
Launcher Type: SUN_STANDARD

Environment Variables:
PATH=C:\ProgramData\Oracle\Java\javapath;C:\Windows\system32;C:\Windows;C:\Windows\System32\Wbem;C:\Windows\System32\WindowsPowerShell\v1.0\;C:\Users\CláudioFilipedaSilva\AppData\Local\Microsoft\WindowsApps;
USERNAME=CláudioFilipedaSilva
OS=Windows_NT
PROCESSOR_IDENTIFIER=Intel64 Family 6 Model 69 Stepping 1, GenuineIntel



---------------  S Y S T E M  ---------------

OS: Windows 10.0 , 64 bit Build 15063 (10.0.15063.296)

CPU:total 4 (initial active 4) (2 cores per cpu, 2 threads per core) family 6 model 69 stepping 1, cmov, cx8, fxsr, mmx, sse, sse2, sse3, ssse3, sse4.1, sse4.2, popcnt, avx, avx2, aes, clmul, erms, lzcnt, ht, tsc, tscinvbit, bmi1, bmi2

Memory: 4k page, physical 8269064k(5223272k free), swap 16657672k(12901928k free)

vm_info: Java HotSpot(TM) Client VM (25.151-b12) for windows-x86 JRE (1.8.0_151-b12), built on Sep  5 2017 19:31:49 by "java_re" with MS VC++ 10.0 (VS2010)

time: Tue Oct 24 17:31:57 2017
elapsed time: 1643 seconds (0d 0h 27m 23s)

